2025-12-03 09:32:31:3231 [31merror[39m: [31mUnexpected Error: Unexpected Error[39m
2025-12-03 09:32:31:3231 [31merror[39m: [31mUnexpected Error: Unexpected Error[39m
2025-12-03 09:35:54:3554 [31merror[39m: [31mUnexpected Error: Unexpected Error[39m
2025-12-03 09:35:54:3554 [31merror[39m: [31mUnexpected Error: Unexpected Error[39m
2025-12-03 09:37:23:3723 [31merror[39m: [31mUnexpected Error: Unexpected Error[39m
2025-12-03 09:37:23:3723 [31merror[39m: [31mUnexpected Error: Unexpected Error[39m
2025-12-03 09:43:07:437 [32minfo[39m: [32mConnected to MongoDB[39m
2025-12-03 09:43:07:437 [32minfo[39m: [32mServer running in development mode on port 3000[39m
2025-12-03 09:43:28:4328 [31merror[39m: [31mUnexpected Error: Unexpected Error[39m
2025-12-03 09:43:28:4328 [31merror[39m: [31mUnexpected Error: Unexpected Error[39m
2025-12-03 09:44:51:4451 [32minfo[39m: [32mConnected to MongoDB[39m
2025-12-03 09:44:51:4451 [32minfo[39m: [32mServer running in development mode on port 3000[39m
2025-12-03 09:45:10:4510 [31merror[39m: [31mUnexpected Error: Unexpected Error[39m
2025-12-03 09:45:10:4510 [31merror[39m: [31mUnexpected Error: Unexpected Error[39m
2025-12-03 09:47:01:471 [32minfo[39m: [32mConnected to MongoDB[39m
2025-12-03 09:47:01:471 [32minfo[39m: [32mServer running in development mode on port 3000[39m
2025-12-03 09:47:51:4751 [31merror[39m: [31mUnexpected Error: Unexpected Error[39m
2025-12-03 09:47:51:4751 [31merror[39m: [31mUnexpected Error: Unexpected Error[39m
2025-12-13 11:10:36:1036 [31merror[39m: [31mUnexpected Error: Unexpected Error[39m
2025-12-13 11:10:36:1036 [31merror[39m: [31mUnexpected Error: Unexpected Error[39m
2025-12-13 11:13:57:1357 [31merror[39m: [31mUnexpected Error: Unexpected Error[39m
2025-12-13 11:13:58:1358 [31merror[39m: [31mUnexpected Error: Unexpected Error[39m
2025-12-13 11:19:19:1919 [31merror[39m: [31mUnexpected Error: Unexpected Error[39m
2025-12-13 11:19:19:1919 [31merror[39m: [31mUnexpected Error: Unexpected Error[39m
2025-12-13 11:21:52:2152 [31merror[39m: [31mUnexpected Error: Unexpected Error[39m
2025-12-13 11:21:52:2152 [31merror[39m: [31mUnexpected Error: Unexpected Error[39m
2025-12-13 11:25:47:2547 [32minfo[39m: [32mConnected to MongoDB[39m
2025-12-13 11:25:47:2547 [32minfo[39m: [32mServer running in development mode on port 3000[39m
2025-12-13 11:34:34:3434 [33mwarn[39m: [33mMongoDB disconnected[39m
2025-12-13 11:35:03:353 [33mwarn[39m: [33mMongoDB disconnected[39m
2025-12-13 11:35:44:3544 [33mwarn[39m: [33mMongoDB disconnected[39m
2025-12-13 11:37:43:3743 [32minfo[39m: [32mConnected to MongoDB[39m
2025-12-13 11:37:43:3743 [32minfo[39m: [32mServer running in development mode on port 3000[39m
2025-12-13 12:35:08:358 [32minfo[39m: [32mConnected to MongoDB[39m
2025-12-13 12:35:08:358 [32minfo[39m: [32mServer running in development mode on port 4000[39m
2025-12-13 12:40:13:4013 [32minfo[39m: [32mConnected to MongoDB[39m
2025-12-13 12:40:13:4013 [32minfo[39m: [32mServer running in development mode on port 4000[39m
2025-12-13 12:40:39:4039 [32minfo[39m: [32mConnected to MongoDB[39m
2025-12-13 12:40:39:4039 [32minfo[39m: [32mServer running in development mode on port 4000[39m
2025-12-13 12:41:01:411 [32minfo[39m: [32mConnected to MongoDB[39m
2025-12-13 12:41:01:411 [32minfo[39m: [32mServer running in development mode on port 4000[39m
2025-12-13 12:45:09:459 [31merror[39m: [31mUnexpected Error: Unexpected Error[39m
2025-12-13 12:45:09:459 [31merror[39m: [31mUnexpected Error: Unexpected Error[39m
2025-12-13 13:16:04:164 [31merror[39m: [31mUnexpected Error: Unexpected Error[39m
2025-12-13 13:16:04:164 [31merror[39m: [31mUnexpected Error: Unexpected Error[39m
2025-12-13 13:19:24:1924 [32minfo[39m: [32mConnected to MongoDB[39m
2025-12-13 13:19:24:1924 [32minfo[39m: [32mServer running in development mode on port 4000[39m
2025-12-13 13:20:54:2054 [32minfo[39m: [32mConnected to MongoDB[39m
2025-12-13 13:20:54:2054 [32minfo[39m: [32mServer running in development mode on port 4000[39m
2025-12-13 13:21:21:2121 [32minfo[39m: [32mConnected to MongoDB[39m
2025-12-13 13:21:21:2121 [32minfo[39m: [32mServer running in development mode on port 4000[39m
2025-12-13 13:22:42:2242 [31merror[39m: [31mUnexpected Error: Unexpected Error[39m
2025-12-13 13:22:42:2242 [31merror[39m: [31mUnexpected Error: Unexpected Error[39m
2025-12-13 13:23:29:2329 [32minfo[39m: [32mConnected to MongoDB[39m
2025-12-13 13:23:29:2329 [32minfo[39m: [32mServer running in development mode on port 4000[39m
2025-12-13 13:25:58:2558 [32minfo[39m: [32mConnected to MongoDB[39m
2025-12-13 13:25:58:2558 [32minfo[39m: [32mServer running in development mode on port 4000[39m
2025-12-13 13:26:48:2648 [32minfo[39m: [32mConnected to MongoDB[39m
2025-12-13 13:26:48:2648 [32minfo[39m: [32mServer running in development mode on port 4000[39m
2025-12-13 13:27:11:2711 [32minfo[39m: [32mConnected to MongoDB[39m
2025-12-13 13:27:11:2711 [32minfo[39m: [32mServer running in development mode on port 4000[39m
2025-12-13 13:27:23:2723 [32minfo[39m: [32mConnected to MongoDB[39m
2025-12-13 13:27:23:2723 [32minfo[39m: [32mServer running in development mode on port 4000[39m
2025-12-13 13:27:39:2739 [32minfo[39m: [32mConnected to MongoDB[39m
2025-12-13 13:27:39:2739 [32minfo[39m: [32mServer running in development mode on port 4000[39m
2025-12-13 13:30:14:3014 [32minfo[39m: [32mConnected to MongoDB[39m
2025-12-13 13:30:14:3014 [32minfo[39m: [32mServer running in development mode on port 4000[39m
2025-12-13 13:30:15:3015 [31merror[39m: [31mUnexpected Error: Unexpected Error[39m
2025-12-13 13:30:15:3015 [31merror[39m: [31mUnexpected Error: Unexpected Error[39m
2025-12-13 13:34:38:3438 [32minfo[39m: [32mConnected to MongoDB[39m
2025-12-13 13:34:38:3438 [32minfo[39m: [32mServer running in development mode on port 4000[39m
2025-12-13 13:35:24:3524 [32minfo[39m: [32mConnected to MongoDB[39m
2025-12-13 13:35:24:3524 [32minfo[39m: [32mServer running in development mode on port 4000[39m
2025-12-13 13:35:57:3557 [32minfo[39m: [32mConnected to MongoDB[39m
2025-12-13 13:35:57:3557 [32minfo[39m: [32mServer running in development mode on port 4000[39m
2025-12-13 13:39:49:3949 [32minfo[39m: [32mConnected to MongoDB[39m
2025-12-13 13:39:49:3949 [32minfo[39m: [32mServer running in development mode on port 4000[39m
2025-12-13 13:40:58:4058 [32minfo[39m: [32mConnected to MongoDB[39m
2025-12-13 13:40:58:4058 [32minfo[39m: [32mServer running in development mode on port 4000[39m
2025-12-13 14:04:10:410 [31merror[39m: [31mUnexpected Error: Unexpected Error[39m
2025-12-13 14:04:10:410 [31merror[39m: [31mUnexpected Error: Unexpected Error[39m
2025-12-13 14:05:22:522 [32minfo[39m: [32mConnected to MongoDB[39m
2025-12-13 14:05:22:522 [32minfo[39m: [32mServer running in development mode on port 4000[39m
2025-12-13 14:16:24:1624 [31merror[39m: [31mUnexpected Error: next is not a function[39m
2025-12-13 14:20:02:202 [33mwarn[39m: [33mMongoDB disconnected[39m
2025-12-13 14:25:05:255 [32minfo[39m: [32mConnected to MongoDB[39m
2025-12-13 14:25:05:255 [32minfo[39m: [32mServer running in development mode on port 4000[39m
2025-12-13 14:25:11:2511 [31merror[39m: [31mUnexpected Error: next is not a function[39m
2025-12-13 14:26:14:2614 [32minfo[39m: [32mConnected to MongoDB[39m
2025-12-13 14:26:14:2614 [32minfo[39m: [32mServer running in development mode on port 4000[39m
2025-12-13 14:26:25:2625 [32minfo[39m: [32mConnected to MongoDB[39m
2025-12-13 14:26:25:2625 [32minfo[39m: [32mServer running in development mode on port 4000[39m
2025-12-13 14:27:01:271 [31merror[39m: [31mUnexpected Error: next is not a function[39m
2025-12-13 14:27:01:271 [31merror[39m: [31mStack trace: TypeError: next is not a function[39m
[31m    at model.<anonymous> (/Users/farouq/Documents/Project/siteguard/backend/src/modules/workspace/models/Workspace.ts:201:3)[39m
[31m    at Kareem.execPre (/Users/farouq/Documents/Project/siteguard/backend/node_modules/kareem/index.js:63:39)[39m
[31m    at processTicksAndRejections (node:internal/process/task_queues:105:5)[39m
[31m    at async model.$__save (/Users/farouq/Documents/Project/siteguard/backend/node_modules/mongoose/lib/model.js:369:5)[39m
[31m    at async model.save (/Users/farouq/Documents/Project/siteguard/backend/node_modules/mongoose/lib/model.js:609:5)[39m
[31m    at async /Users/farouq/Documents/Project/siteguard/backend/node_modules/mongoose/lib/model.js:2722:9[39m
[31m    at async Promise.all (index 0)[39m
[31m    at async Function.create (/Users/farouq/Documents/Project/siteguard/backend/node_modules/mongoose/lib/model.js:2707:11)[39m
[31m    at async Object.createWorkspace (/Users/farouq/Documents/Project/siteguard/backend/src/modules/workspace/workspace.service.ts:55:21)[39m
[31m    at async createWorkspace (/Users/farouq/Documents/Project/siteguard/backend/src/modules/workspace/workspace.controller.ts:26:23)[39m
2025-12-13 14:27:52:2752 [32minfo[39m: [32mConnected to MongoDB[39m
2025-12-13 14:27:53:2753 [32minfo[39m: [32mServer running in development mode on port 4000[39m
