2025-12-03 09:32:31:3231 [31merror[39m: [31mUnexpected Error: Unexpected Error[39m
2025-12-03 09:32:31:3231 [31merror[39m: [31mUnexpected Error: Unexpected Error[39m
2025-12-03 09:35:54:3554 [31merror[39m: [31mUnexpected Error: Unexpected Error[39m
2025-12-03 09:35:54:3554 [31merror[39m: [31mUnexpected Error: Unexpected Error[39m
2025-12-03 09:37:23:3723 [31merror[39m: [31mUnexpected Error: Unexpected Error[39m
2025-12-03 09:37:23:3723 [31merror[39m: [31mUnexpected Error: Unexpected Error[39m
2025-12-03 09:43:28:4328 [31merror[39m: [31mUnexpected Error: Unexpected Error[39m
2025-12-03 09:43:28:4328 [31merror[39m: [31mUnexpected Error: Unexpected Error[39m
2025-12-03 09:45:10:4510 [31merror[39m: [31mUnexpected Error: Unexpected Error[39m
2025-12-03 09:45:10:4510 [31merror[39m: [31mUnexpected Error: Unexpected Error[39m
2025-12-03 09:47:51:4751 [31merror[39m: [31mUnexpected Error: Unexpected Error[39m
2025-12-03 09:47:51:4751 [31merror[39m: [31mUnexpected Error: Unexpected Error[39m
2025-12-13 11:10:36:1036 [31merror[39m: [31mUnexpected Error: Unexpected Error[39m
2025-12-13 11:10:36:1036 [31merror[39m: [31mUnexpected Error: Unexpected Error[39m
2025-12-13 11:13:57:1357 [31merror[39m: [31mUnexpected Error: Unexpected Error[39m
2025-12-13 11:13:58:1358 [31merror[39m: [31mUnexpected Error: Unexpected Error[39m
2025-12-13 11:19:19:1919 [31merror[39m: [31mUnexpected Error: Unexpected Error[39m
2025-12-13 11:19:19:1919 [31merror[39m: [31mUnexpected Error: Unexpected Error[39m
2025-12-13 11:21:52:2152 [31merror[39m: [31mUnexpected Error: Unexpected Error[39m
2025-12-13 11:21:52:2152 [31merror[39m: [31mUnexpected Error: Unexpected Error[39m
2025-12-13 11:35:03:353 [31merror[39m: [31mCould not connect to MongoDB querySrv ECONNREFUSED _mongodb._tcp.cluster0.ri0zrye.mongodb.net[39m
2025-12-13 11:35:44:3544 [31merror[39m: [31mCould not connect to MongoDB querySrv ECONNREFUSED _mongodb._tcp.cluster0.ri0zrye.mongodb.net[39m
2025-12-13 12:45:09:459 [31merror[39m: [31mUnexpected Error: Unexpected Error[39m
2025-12-13 12:45:09:459 [31merror[39m: [31mUnexpected Error: Unexpected Error[39m
2025-12-13 13:16:04:164 [31merror[39m: [31mUnexpected Error: Unexpected Error[39m
2025-12-13 13:16:04:164 [31merror[39m: [31mUnexpected Error: Unexpected Error[39m
2025-12-13 13:22:42:2242 [31merror[39m: [31mUnexpected Error: Unexpected Error[39m
2025-12-13 13:22:42:2242 [31merror[39m: [31mUnexpected Error: Unexpected Error[39m
2025-12-13 13:30:15:3015 [31merror[39m: [31mUnexpected Error: Unexpected Error[39m
2025-12-13 13:30:15:3015 [31merror[39m: [31mUnexpected Error: Unexpected Error[39m
2025-12-13 14:04:10:410 [31merror[39m: [31mUnexpected Error: Unexpected Error[39m
2025-12-13 14:04:10:410 [31merror[39m: [31mUnexpected Error: Unexpected Error[39m
2025-12-13 14:16:24:1624 [31merror[39m: [31mUnexpected Error: next is not a function[39m
2025-12-13 14:25:11:2511 [31merror[39m: [31mUnexpected Error: next is not a function[39m
2025-12-13 14:27:01:271 [31merror[39m: [31mUnexpected Error: next is not a function[39m
2025-12-13 14:27:01:271 [31merror[39m: [31mStack trace: TypeError: next is not a function[39m
[31m    at model.<anonymous> (/Users/farouq/Documents/Project/siteguard/backend/src/modules/workspace/models/Workspace.ts:201:3)[39m
[31m    at Kareem.execPre (/Users/farouq/Documents/Project/siteguard/backend/node_modules/kareem/index.js:63:39)[39m
[31m    at processTicksAndRejections (node:internal/process/task_queues:105:5)[39m
[31m    at async model.$__save (/Users/farouq/Documents/Project/siteguard/backend/node_modules/mongoose/lib/model.js:369:5)[39m
[31m    at async model.save (/Users/farouq/Documents/Project/siteguard/backend/node_modules/mongoose/lib/model.js:609:5)[39m
[31m    at async /Users/farouq/Documents/Project/siteguard/backend/node_modules/mongoose/lib/model.js:2722:9[39m
[31m    at async Promise.all (index 0)[39m
[31m    at async Function.create (/Users/farouq/Documents/Project/siteguard/backend/node_modules/mongoose/lib/model.js:2707:11)[39m
[31m    at async Object.createWorkspace (/Users/farouq/Documents/Project/siteguard/backend/src/modules/workspace/workspace.service.ts:55:21)[39m
[31m    at async createWorkspace (/Users/farouq/Documents/Project/siteguard/backend/src/modules/workspace/workspace.controller.ts:26:23)[39m
2025-12-14 11:03:20:320 [31merror[39m: [31mUnexpected Error: User validation failed: password: Path `password` (`1234`, length 4) is shorter than the minimum allowed length (8).[39m
2025-12-14 11:03:20:320 [31merror[39m: [31mStack trace: ValidationError: User validation failed: password: Path `password` (`1234`, length 4) is shorter than the minimum allowed length (8).[39m
[31m    at model.Document.invalidate (/Users/farouq/Documents/Project/siteguard/backend/node_modules/mongoose/lib/document.js:3365:32)[39m
[31m    at validatePath (/Users/farouq/Documents/Project/siteguard/backend/node_modules/mongoose/lib/document.js:3140:13)[39m
[31m    at processTicksAndRejections (node:internal/process/task_queues:105:5)[39m
[31m    at async Promise.all (index 2)[39m
[31m    at async model.$__validate (/Users/farouq/Documents/Project/siteguard/backend/node_modules/mongoose/lib/document.js:3081:3)[39m
[31m    at async model.validate (/Users/farouq/Documents/Project/siteguard/backend/node_modules/mongoose/lib/document.js:2663:5)[39m
[31m    at async model.validateBeforeSave (/Users/farouq/Documents/Project/siteguard/backend/node_modules/mongoose/lib/plugins/validateBeforeSave.js:34:7)[39m
[31m    at async Kareem.execPre (/Users/farouq/Documents/Project/siteguard/backend/node_modules/kareem/index.js:65:24)[39m
[31m    at async model.$__save (/Users/farouq/Documents/Project/siteguard/backend/node_modules/mongoose/lib/model.js:369:5)[39m
[31m    at async model.save (/Users/farouq/Documents/Project/siteguard/backend/node_modules/mongoose/lib/model.js:609:5)[39m
2025-12-14 11:03:29:329 [31merror[39m: [31mUnexpected Error: E11000 duplicate key error collection: doclite_backend.users index: username_1 dup key: { username: null }[39m
2025-12-14 11:03:30:330 [31merror[39m: [31mStack trace: MongoServerError: E11000 duplicate key error collection: doclite_backend.users index: username_1 dup key: { username: null }[39m
[31m    at InsertOneOperation.handleOk (/Users/farouq/Documents/Project/siteguard/backend/node_modules/mongodb/src/operations/insert.ts:79:13)[39m
[31m    at tryOperation (/Users/farouq/Documents/Project/siteguard/backend/node_modules/mongodb/src/operations/execute_operation.ts:294:26)[39m
[31m    at processTicksAndRejections (node:internal/process/task_queues:105:5)[39m
[31m    at async executeOperation (/Users/farouq/Documents/Project/siteguard/backend/node_modules/mongodb/src/operations/execute_operation.ts:123:12)[39m
[31m    at async Collection.insertOne (/Users/farouq/Documents/Project/siteguard/backend/node_modules/mongodb/src/collection.ts:294:12)[39m
[31m    at async model.$__save (/Users/farouq/Documents/Project/siteguard/backend/node_modules/mongoose/lib/model.js:398:16)[39m
[31m    at async model.save (/Users/farouq/Documents/Project/siteguard/backend/node_modules/mongoose/lib/model.js:609:5)[39m
[31m    at async /Users/farouq/Documents/Project/siteguard/backend/node_modules/mongoose/lib/model.js:2722:9[39m
[31m    at async Promise.all (index 0)[39m
[31m    at async Function.create (/Users/farouq/Documents/Project/siteguard/backend/node_modules/mongoose/lib/model.js:2707:11)[39m
2025-12-14 11:03:43:343 [31merror[39m: [31mUnexpected Error: E11000 duplicate key error collection: doclite_backend.users index: username_1 dup key: { username: null }[39m
2025-12-14 11:03:43:343 [31merror[39m: [31mStack trace: MongoServerError: E11000 duplicate key error collection: doclite_backend.users index: username_1 dup key: { username: null }[39m
[31m    at InsertOneOperation.handleOk (/Users/farouq/Documents/Project/siteguard/backend/node_modules/mongodb/src/operations/insert.ts:79:13)[39m
[31m    at tryOperation (/Users/farouq/Documents/Project/siteguard/backend/node_modules/mongodb/src/operations/execute_operation.ts:294:26)[39m
[31m    at processTicksAndRejections (node:internal/process/task_queues:105:5)[39m
[31m    at async executeOperation (/Users/farouq/Documents/Project/siteguard/backend/node_modules/mongodb/src/operations/execute_operation.ts:123:12)[39m
[31m    at async Collection.insertOne (/Users/farouq/Documents/Project/siteguard/backend/node_modules/mongodb/src/collection.ts:294:12)[39m
[31m    at async model.$__save (/Users/farouq/Documents/Project/siteguard/backend/node_modules/mongoose/lib/model.js:398:16)[39m
[31m    at async model.save (/Users/farouq/Documents/Project/siteguard/backend/node_modules/mongoose/lib/model.js:609:5)[39m
[31m    at async /Users/farouq/Documents/Project/siteguard/backend/node_modules/mongoose/lib/model.js:2722:9[39m
[31m    at async Promise.all (index 0)[39m
[31m    at async Function.create (/Users/farouq/Documents/Project/siteguard/backend/node_modules/mongoose/lib/model.js:2707:11)[39m
2025-12-14 11:03:54:354 [31merror[39m: [31mUnexpected Error: E11000 duplicate key error collection: doclite_backend.users index: username_1 dup key: { username: null }[39m
2025-12-14 11:03:54:354 [31merror[39m: [31mStack trace: MongoServerError: E11000 duplicate key error collection: doclite_backend.users index: username_1 dup key: { username: null }[39m
[31m    at InsertOneOperation.handleOk (/Users/farouq/Documents/Project/siteguard/backend/node_modules/mongodb/src/operations/insert.ts:79:13)[39m
[31m    at tryOperation (/Users/farouq/Documents/Project/siteguard/backend/node_modules/mongodb/src/operations/execute_operation.ts:294:26)[39m
[31m    at processTicksAndRejections (node:internal/process/task_queues:105:5)[39m
[31m    at async executeOperation (/Users/farouq/Documents/Project/siteguard/backend/node_modules/mongodb/src/operations/execute_operation.ts:123:12)[39m
[31m    at async Collection.insertOne (/Users/farouq/Documents/Project/siteguard/backend/node_modules/mongodb/src/collection.ts:294:12)[39m
[31m    at async model.$__save (/Users/farouq/Documents/Project/siteguard/backend/node_modules/mongoose/lib/model.js:398:16)[39m
[31m    at async model.save (/Users/farouq/Documents/Project/siteguard/backend/node_modules/mongoose/lib/model.js:609:5)[39m
[31m    at async /Users/farouq/Documents/Project/siteguard/backend/node_modules/mongoose/lib/model.js:2722:9[39m
[31m    at async Promise.all (index 0)[39m
[31m    at async Function.create (/Users/farouq/Documents/Project/siteguard/backend/node_modules/mongoose/lib/model.js:2707:11)[39m
2025-12-14 19:57:23:5723 [31merror[39m: [31mUnexpected Error: Socket 'secureConnect' timed out after 30029ms (connectTimeoutMS: 30000)[39m
2025-12-14 19:57:23:5723 [31merror[39m: [31mStack trace: MongoServerSelectionError: Socket 'secureConnect' timed out after 30029ms (connectTimeoutMS: 30000)[39m
[31m    at Topology.selectServer (/Users/farouq/Documents/Project/siteguard/backend/node_modules/mongodb/src/sdam/topology.ts:630:30)[39m
[31m    at async tryOperation (/Users/farouq/Documents/Project/siteguard/backend/node_modules/mongodb/src/operations/execute_operation.ts:206:16)[39m
[31m    at async executeOperation (/Users/farouq/Documents/Project/siteguard/backend/node_modules/mongodb/src/operations/execute_operation.ts:123:12)[39m
[31m    at async FindCursor._initialize (/Users/farouq/Documents/Project/siteguard/backend/node_modules/mongodb/src/cursor/find_cursor.ts:92:22)[39m
[31m    at async FindCursor.cursorInit (/Users/farouq/Documents/Project/siteguard/backend/node_modules/mongodb/src/cursor/abstract_cursor.ts:917:21)[39m
[31m    at async FindCursor.fetchBatch (/Users/farouq/Documents/Project/siteguard/backend/node_modules/mongodb/src/cursor/abstract_cursor.ts:955:7)[39m
[31m    at async FindCursor.next (/Users/farouq/Documents/Project/siteguard/backend/node_modules/mongodb/src/cursor/abstract_cursor.ts:573:9)[39m
[31m    at async Collection.findOne (/Users/farouq/Documents/Project/siteguard/backend/node_modules/mongodb/src/collection.ts:552:20)[39m
[31m    at async model.Query._findOne (/Users/farouq/Documents/Project/siteguard/backend/node_modules/mongoose/lib/query.js:2721:15)[39m
[31m    at async model.Query.exec (/Users/farouq/Documents/Project/siteguard/backend/node_modules/mongoose/lib/query.js:4627:63)[39m
2025-12-14 19:57:24:5724 [31merror[39m: [31mUnexpected Error: Socket 'secureConnect' timed out after 30029ms (connectTimeoutMS: 30000)[39m
2025-12-14 19:57:24:5724 [31merror[39m: [31mStack trace: MongoServerSelectionError: Socket 'secureConnect' timed out after 30029ms (connectTimeoutMS: 30000)[39m
[31m    at Topology.selectServer (/Users/farouq/Documents/Project/siteguard/backend/node_modules/mongodb/src/sdam/topology.ts:630:30)[39m
[31m    at async tryOperation (/Users/farouq/Documents/Project/siteguard/backend/node_modules/mongodb/src/operations/execute_operation.ts:206:16)[39m
[31m    at async executeOperation (/Users/farouq/Documents/Project/siteguard/backend/node_modules/mongodb/src/operations/execute_operation.ts:123:12)[39m
[31m    at async FindCursor._initialize (/Users/farouq/Documents/Project/siteguard/backend/node_modules/mongodb/src/cursor/find_cursor.ts:92:22)[39m
[31m    at async FindCursor.cursorInit (/Users/farouq/Documents/Project/siteguard/backend/node_modules/mongodb/src/cursor/abstract_cursor.ts:917:21)[39m
[31m    at async FindCursor.fetchBatch (/Users/farouq/Documents/Project/siteguard/backend/node_modules/mongodb/src/cursor/abstract_cursor.ts:955:7)[39m
[31m    at async FindCursor.next (/Users/farouq/Documents/Project/siteguard/backend/node_modules/mongodb/src/cursor/abstract_cursor.ts:573:9)[39m
[31m    at async Collection.findOne (/Users/farouq/Documents/Project/siteguard/backend/node_modules/mongodb/src/collection.ts:552:20)[39m
[31m    at async model.Query._findOne (/Users/farouq/Documents/Project/siteguard/backend/node_modules/mongoose/lib/query.js:2721:15)[39m
[31m    at async model.Query.exec (/Users/farouq/Documents/Project/siteguard/backend/node_modules/mongoose/lib/query.js:4627:63)[39m
